# JRE version: OpenJDK Runtime Environment Temurin-17.0.8.1+1 (17.0.8.1+1) (build 17.0.8.1+1)
# Java VM: OpenJDK 64-Bit Server VM Temurin-17.0.8.1+1 (17.0.8.1+1, mixed mode, sharing, tiered, compressed oops, compressed class ptrs, parallel gc, windows-amd64)
GC Precious Log:
 CPUs: 8 total, 8 available
 Memory: 16367M
 Large Page Support: Disabled
 NUMA Support: Disabled
 Compressed Oops: Enabled (32-bit)
 Alignments: Space 512K, Generation 512K, Heap 2M
 Heap Min Capacity: 100M
 Heap Initial Capacity: 100M
 Heap Max Capacity: 1G
 Pre-touch: Disabled
 Parallel Workers: 8
Heap:
 PSYoungGen      total 11776K, used 512K [0x00000000eab00000, 0x00000000ec800000, 0x0000000100000000)
  eden space 11264K, 0% used [0x00000000eab00000,0x00000000eab00000,0x00000000eb600000)
  from space 512K, 100% used [0x00000000eb780000,0x00000000eb800000,0x00000000eb800000)
  to   space 9216K, 0% used [0x00000000ebf00000,0x00000000ebf00000,0x00000000ec800000)
 ParOldGen       total 278528K, used 270074K [0x00000000c0000000, 0x00000000d1000000, 0x00000000eab00000)
  object space 278528K, 96% used [0x00000000c0000000,0x00000000d07bea98,0x00000000d1000000)
 Metaspace       used 84723K, committed 86144K, reserved 1179648K
  class space    used 8510K, committed 9152K, reserved 1048576K
GC Heap History (20 events):
Event: 1718.946 GC heap after
{Heap after GC invocations=1805 (full 31):
 PSYoungGen      total 12800K, used 744K [0x00000000eab00000, 0x00000000eb900000, 0x0000000100000000)
  eden space 11776K, 0% used [0x00000000eab00000,0x00000000eab00000,0x00000000eb680000)
  from space 1024K, 72% used [0x00000000eb800000,0x00000000eb8ba1c0,0x00000000eb900000)
  to   space 1024K, 0% used [0x00000000eb700000,0x00000000eb700000,0x00000000eb800000)
 ParOldGen       total 278528K, used 255791K [0x00000000c0000000, 0x00000000d1000000, 0x00000000eab00000)
  object space 278528K, 91% used [0x00000000c0000000,0x00000000cf9cbfa0,0x00000000d1000000)
 Metaspace       used 84466K, committed 85952K, reserved 1179648K
  class space    used 8476K, committed 9152K, reserved 1048576K
}
Event: 1718.965 GC heap before
{Heap before GC invocations=1806 (full 31):
 PSYoungGen      total 12800K, used 12520K [0x00000000eab00000, 0x00000000eb900000, 0x0000000100000000)
  eden space 11776K, 100% used [0x00000000eab00000,0x00000000eb680000,0x00000000eb680000)
  from space 1024K, 72% used [0x00000000eb800000,0x00000000eb8ba1c0,0x00000000eb900000)
  to   space 1024K, 0% used [0x00000000eb700000,0x00000000eb700000,0x00000000eb800000)
 ParOldGen       total 278528K, used 255791K [0x00000000c0000000, 0x00000000d1000000, 0x00000000eab00000)
  object space 278528K, 91% used [0x00000000c0000000,0x00000000cf9cbfa0,0x00000000d1000000)
 Metaspace       used 84466K, committed 85952K, reserved 1179648K
  class space    used 8476K, committed 9152K, reserved 1048576K
}
Event: 1718.967 GC heap after
{Heap after GC invocations=1806 (full 31):
 PSYoungGen      total 12800K, used 908K [0x00000000eab00000, 0x00000000eb880000, 0x0000000100000000)
  eden space 11776K, 0% used [0x00000000eab00000,0x00000000eab00000,0x00000000eb680000)
  from space 1024K, 88% used [0x00000000eb700000,0x00000000eb7e3010,0x00000000eb800000)
  to   space 512K, 0% used [0x00000000eb800000,0x00000000eb800000,0x00000000eb880000)
 ParOldGen       total 278528K, used 256413K [0x00000000c0000000, 0x00000000d1000000, 0x00000000eab00000)
  object space 278528K, 92% used [0x00000000c0000000,0x00000000cfa675d0,0x00000000d1000000)
 Metaspace       used 84466K, committed 85952K, reserved 1179648K
  class space    used 8476K, committed 9152K, reserved 1048576K
}
Event: 1718.991 GC heap before
{Heap before GC invocations=1807 (full 31):
 PSYoungGen      total 12800K, used 12684K [0x00000000eab00000, 0x00000000eb880000, 0x0000000100000000)
  eden space 11776K, 100% used [0x00000000eab00000,0x00000000eb680000,0x00000000eb680000)
  from space 1024K, 88% used [0x00000000eb700000,0x00000000eb7e3010,0x00000000eb800000)
  to   space 512K, 0% used [0x00000000eb800000,0x00000000eb800000,0x00000000eb880000)
 ParOldGen       total 278528K, used 256413K [0x00000000c0000000, 0x00000000d1000000, 0x00000000eab00000)
  object space 278528K, 92% used [0x00000000c0000000,0x00000000cfa675d0,0x00000000d1000000)
 Metaspace       used 84466K, committed 85952K, reserved 1179648K
  class space    used 8476K, committed 9152K, reserved 1048576K
}
Event: 1718.993 GC heap after
{Heap after GC invocations=1807 (full 31):
 PSYoungGen      total 11776K, used 494K [0x00000000eab00000, 0x00000000eba80000, 0x0000000100000000)
  eden space 11264K, 0% used [0x00000000eab00000,0x00000000eab00000,0x00000000eb600000)
  from space 512K, 96% used [0x00000000eb800000,0x00000000eb87ba88,0x00000000eb880000)
  to   space 2048K, 0% used [0x00000000eb600000,0x00000000eb600000,0x00000000eb800000)
 ParOldGen       total 278528K, used 257592K [0x00000000c0000000, 0x00000000d1000000, 0x00000000eab00000)
  object space 278528K, 92% used [0x00000000c0000000,0x00000000cfb8e178,0x00000000d1000000)
 Metaspace       used 84466K, committed 85952K, reserved 1179648K
  class space    used 8476K, committed 9152K, reserved 1048576K
}
Event: 1719.007 GC heap before
{Heap before GC invocations=1808 (full 31):
 PSYoungGen      total 11776K, used 11758K [0x00000000eab00000, 0x00000000eba80000, 0x0000000100000000)
  eden space 11264K, 100% used [0x00000000eab00000,0x00000000eb600000,0x00000000eb600000)
  from space 512K, 96% used [0x00000000eb800000,0x00000000eb87ba88,0x00000000eb880000)
  to   space 2048K, 0% used [0x00000000eb600000,0x00000000eb600000,0x00000000eb800000)
 ParOldGen       total 278528K, used 257592K [0x00000000c0000000, 0x00000000d1000000, 0x00000000eab00000)
  object space 278528K, 92% used [0x00000000c0000000,0x00000000cfb8e178,0x00000000d1000000)
 Metaspace       used 84470K, committed 85952K, reserved 1179648K
  class space    used 8478K, committed 9152K, reserved 1048576K
}
Event: 1719.009 GC heap after
{Heap after GC invocations=1808 (full 31):
 PSYoungGen      total 13312K, used 1626K [0x00000000eab00000, 0x00000000eba00000, 0x0000000100000000)
  eden space 11264K, 0% used [0x00000000eab00000,0x00000000eab00000,0x00000000eb600000)
  from space 2048K, 79% used [0x00000000eb600000,0x00000000eb796900,0x00000000eb800000)
  to   space 2048K, 0% used [0x00000000eb800000,0x00000000eb800000,0x00000000eba00000)
 ParOldGen       total 278528K, used 258033K [0x00000000c0000000, 0x00000000d1000000, 0x00000000eab00000)
  object space 278528K, 92% used [0x00000000c0000000,0x00000000cfbfc538,0x00000000d1000000)
 Metaspace       used 84470K, committed 85952K, reserved 1179648K
  class space    used 8478K, committed 9152K, reserved 1048576K
}
Event: 1719.024 GC heap before
{Heap before GC invocations=1809 (full 31):
 PSYoungGen      total 13312K, used 12890K [0x00000000eab00000, 0x00000000eba00000, 0x0000000100000000)
  eden space 11264K, 100% used [0x00000000eab00000,0x00000000eb600000,0x00000000eb600000)
  from space 2048K, 79% used [0x00000000eb600000,0x00000000eb796900,0x00000000eb800000)
  to   space 2048K, 0% used [0x00000000eb800000,0x00000000eb800000,0x00000000eba00000)
 ParOldGen       total 278528K, used 258033K [0x00000000c0000000, 0x00000000d1000000, 0x00000000eab00000)
  object space 278528K, 92% used [0x00000000c0000000,0x00000000cfbfc538,0x00000000d1000000)
 Metaspace       used 84473K, committed 85952K, reserved 1179648K
  class space    used 8478K, committed 9152K, reserved 1048576K
}
Event: 1719.028 GC heap after
{Heap after GC invocations=1809 (full 31):
 PSYoungGen      total 13312K, used 1891K [0x00000000eab00000, 0x00000000eba00000, 0x0000000100000000)
  eden space 11264K, 0% used [0x00000000eab00000,0x00000000eab00000,0x00000000eb600000)
  from space 2048K, 92% used [0x00000000eb800000,0x00000000eb9d8d20,0x00000000eba00000)
  to   space 2048K, 0% used [0x00000000eb600000,0x00000000eb600000,0x00000000eb800000)
 ParOldGen       total 278528K, used 259509K [0x00000000c0000000, 0x00000000d1000000, 0x00000000eab00000)
  object space 278528K, 93% used [0x00000000c0000000,0x00000000cfd6d778,0x00000000d1000000)
 Metaspace       used 84473K, committed 85952K, reserved 1179648K
  class space    used 8478K, committed 9152K, reserved 1048576K
}
Event: 1719.041 GC heap before
{Heap before GC invocations=1810 (full 31):
 PSYoungGen      total 13312K, used 13155K [0x00000000eab00000, 0x00000000eba00000, 0x0000000100000000)
  eden space 11264K, 100% used [0x00000000eab00000,0x00000000eb600000,0x00000000eb600000)
  from space 2048K, 92% used [0x00000000eb800000,0x00000000eb9d8d20,0x00000000eba00000)
  to   space 2048K, 0% used [0x00000000eb600000,0x00000000eb600000,0x00000000eb800000)
 ParOldGen       total 278528K, used 259509K [0x00000000c0000000, 0x00000000d1000000, 0x00000000eab00000)
  object space 278528K, 93% used [0x00000000c0000000,0x00000000cfd6d778,0x00000000d1000000)
 Metaspace       used 84476K, committed 85952K, reserved 1179648K
  class space    used 8478K, committed 9152K, reserved 1048576K
}
Event: 1719.044 GC heap after
{Heap after GC invocations=1810 (full 31):
 PSYoungGen      total 13312K, used 1442K [0x00000000eab00000, 0x00000000eba00000, 0x0000000100000000)
  eden space 11264K, 0% used [0x00000000eab00000,0x00000000eab00000,0x00000000eb600000)
  from space 2048K, 70% used [0x00000000eb600000,0x00000000eb768be8,0x00000000eb800000)
  to   space 2048K, 0% used [0x00000000eb800000,0x00000000eb800000,0x00000000eba00000)
 ParOldGen       total 278528K, used 261243K [0x00000000c0000000, 0x00000000d1000000, 0x00000000eab00000)
  object space 278528K, 93% used [0x00000000c0000000,0x00000000cff1edd8,0x00000000d1000000)
 Metaspace       used 84476K, committed 85952K, reserved 1179648K
  class space    used 8478K, committed 9152K, reserved 1048576K
}
Event: 1721.325 GC heap before
{Heap before GC invocations=1811 (full 31):
 PSYoungGen      total 13312K, used 12706K [0x00000000eab00000, 0x00000000eba00000, 0x0000000100000000)
  eden space 11264K, 100% used [0x00000000eab00000,0x00000000eb600000,0x00000000eb600000)
  from space 2048K, 70% used [0x00000000eb600000,0x00000000eb768be8,0x00000000eb800000)
  to   space 2048K, 0% used [0x00000000eb800000,0x00000000eb800000,0x00000000eba00000)
 ParOldGen       total 278528K, used 261243K [0x00000000c0000000, 0x00000000d1000000, 0x00000000eab00000)
  object space 278528K, 93% used [0x00000000c0000000,0x00000000cff1edd8,0x00000000d1000000)
 Metaspace       used 84477K, committed 85952K, reserved 1179648K
  class space    used 8478K, committed 9152K, reserved 1048576K
}
Event: 1721.327 GC heap after
{Heap after GC invocations=1811 (full 31):
 PSYoungGen      total 11776K, used 344K [0x00000000eab00000, 0x00000000eb880000, 0x0000000100000000)
  eden space 11264K, 0% used [0x00000000eab00000,0x00000000eab00000,0x00000000eb600000)
  from space 512K, 67% used [0x00000000eb800000,0x00000000eb856200,0x00000000eb880000)
  to   space 1024K, 0% used [0x00000000eb680000,0x00000000eb680000,0x00000000eb780000)
 ParOldGen       total 278528K, used 262499K [0x00000000c0000000, 0x00000000d1000000, 0x00000000eab00000)
  object space 278528K, 94% used [0x00000000c0000000,0x00000000d0058dd8,0x00000000d1000000)
 Metaspace       used 84477K, committed 85952K, reserved 1179648K
  class space    used 8478K, committed 9152K, reserved 1048576K
}
Event: 5277.123 GC heap before
{Heap before GC invocations=1812 (full 31):
 PSYoungGen      total 11776K, used 10970K [0x00000000eab00000, 0x00000000eb880000, 0x0000000100000000)
  eden space 11264K, 94% used [0x00000000eab00000,0x00000000eb560840,0x00000000eb600000)
  from space 512K, 67% used [0x00000000eb800000,0x00000000eb856200,0x00000000eb880000)
  to   space 1024K, 0% used [0x00000000eb680000,0x00000000eb680000,0x00000000eb780000)
 ParOldGen       total 278528K, used 262499K [0x00000000c0000000, 0x00000000d1000000, 0x00000000eab00000)
  object space 278528K, 94% used [0x00000000c0000000,0x00000000d0058dd8,0x00000000d1000000)
 Metaspace       used 84542K, committed 85952K, reserved 1179648K
  class space    used 8485K, committed 9152K, reserved 1048576K
}
Event: 5277.125 GC heap after
{Heap after GC invocations=1812 (full 31):
 PSYoungGen      total 12288K, used 256K [0x00000000eab00000, 0x00000000eb880000, 0x0000000100000000)
  eden space 11264K, 0% used [0x00000000eab00000,0x00000000eab00000,0x00000000eb600000)
  from space 1024K, 25% used [0x00000000eb680000,0x00000000eb6c0000,0x00000000eb780000)
  to   space 512K, 0% used [0x00000000eb800000,0x00000000eb800000,0x00000000eb880000)
 ParOldGen       total 278528K, used 262635K [0x00000000c0000000, 0x00000000d1000000, 0x00000000eab00000)
  object space 278528K, 94% used [0x00000000c0000000,0x00000000d007afd8,0x00000000d1000000)
 Metaspace       used 84542K, committed 85952K, reserved 1179648K
  class space    used 8485K, committed 9152K, reserved 1048576K
}
Event: 5277.545 GC heap before
{Heap before GC invocations=1813 (full 31):
 PSYoungGen      total 12288K, used 11520K [0x00000000eab00000, 0x00000000eb880000, 0x0000000100000000)
  eden space 11264K, 100% used [0x00000000eab00000,0x00000000eb600000,0x00000000eb600000)
  from space 1024K, 25% used [0x00000000eb680000,0x00000000eb6c0000,0x00000000eb780000)
  to   space 512K, 0% used [0x00000000eb800000,0x00000000eb800000,0x00000000eb880000)
 ParOldGen       total 278528K, used 262635K [0x00000000c0000000, 0x00000000d1000000, 0x00000000eab00000)
  object space 278528K, 94% used [0x00000000c0000000,0x00000000d007afd8,0x00000000d1000000)
 Metaspace       used 84555K, committed 86016K, reserved 1179648K
  class space    used 8485K, committed 9152K, reserved 1048576K
}
Event: 5277.547 GC heap after
{Heap after GC invocations=1813 (full 31):
 PSYoungGen      total 11776K, used 192K [0x00000000eab00000, 0x00000000eb880000, 0x0000000100000000)
  eden space 11264K, 0% used [0x00000000eab00000,0x00000000eab00000,0x00000000eb600000)
  from space 512K, 37% used [0x00000000eb800000,0x00000000eb830000,0x00000000eb880000)
  to   space 512K, 0% used [0x00000000eb780000,0x00000000eb780000,0x00000000eb800000)
 ParOldGen       total 278528K, used 262683K [0x00000000c0000000, 0x00000000d1000000, 0x00000000eab00000)
  object space 278528K, 94% used [0x00000000c0000000,0x00000000d0086fd8,0x00000000d1000000)
 Metaspace       used 84555K, committed 86016K, reserved 1179648K
  class space    used 8485K, committed 9152K, reserved 1048576K
}
Event: 5278.013 GC heap before
{Heap before GC invocations=1814 (full 31):
 PSYoungGen      total 11776K, used 11456K [0x00000000eab00000, 0x00000000eb880000, 0x0000000100000000)
  eden space 11264K, 100% used [0x00000000eab00000,0x00000000eb600000,0x00000000eb600000)
  from space 512K, 37% used [0x00000000eb800000,0x00000000eb830000,0x00000000eb880000)
  to   space 512K, 0% used [0x00000000eb780000,0x00000000eb780000,0x00000000eb800000)
 ParOldGen       total 278528K, used 262683K [0x00000000c0000000, 0x00000000d1000000, 0x00000000eab00000)
  object space 278528K, 94% used [0x00000000c0000000,0x00000000d0086fd8,0x00000000d1000000)
 Metaspace       used 84723K, committed 86144K, reserved 1179648K
  class space    used 8510K, committed 9152K, reserved 1048576K
}
Event: 5278.022 GC heap after
{Heap after GC invocations=1814 (full 31):
 PSYoungGen      total 11776K, used 512K [0x00000000eab00000, 0x00000000ec800000, 0x0000000100000000)
  eden space 11264K, 0% used [0x00000000eab00000,0x00000000eab00000,0x00000000eb600000)
  from space 512K, 100% used [0x00000000eb780000,0x00000000eb800000,0x00000000eb800000)
  to   space 9216K, 0% used [0x00000000ebf00000,0x00000000ebf00000,0x00000000ec800000)
 ParOldGen       total 278528K, used 270074K [0x00000000c0000000, 0x00000000d1000000, 0x00000000eab00000)
  object space 278528K, 96% used [0x00000000c0000000,0x00000000d07bea98,0x00000000d1000000)
 Metaspace       used 84723K, committed 86144K, reserved 1179648K
  class space    used 8510K, committed 9152K, reserved 1048576K
}
Event: 5278.022 GC heap before
{Heap before GC invocations=1815 (full 32):
 PSYoungGen      total 11776K, used 512K [0x00000000eab00000, 0x00000000ec800000, 0x0000000100000000)
  eden space 11264K, 0% used [0x00000000eab00000,0x00000000eab00000,0x00000000eb600000)
  from space 512K, 100% used [0x00000000eb780000,0x00000000eb800000,0x00000000eb800000)
  to   space 9216K, 0% used [0x00000000ebf00000,0x00000000ebf00000,0x00000000ec800000)
 ParOldGen       total 278528K, used 270074K [0x00000000c0000000, 0x00000000d1000000, 0x00000000eab00000)
  object space 278528K, 96% used [0x00000000c0000000,0x00000000d07bea98,0x00000000d1000000)
 Metaspace       used 84723K, committed 86144K, reserved 1179648K
  class space    used 8510K, committed 9152K, reserved 1048576K
}

